
2024/12/16 (23:13:25) | ===> btop++ v.1.4.0
2024/12/16 (23:13:25) | WARNING: ROCm SMI: Failed to get maximum GPU temperature, defaulting to 110°C
2024/12/16 (23:13:25) | WARNING: ROCm SMI: Failed to get PCIe throughput

2024/12/17 (01:28:25) | ===> btop++ v.1.4.0
2024/12/17 (01:28:25) | WARNING: ROCm SMI: Failed to get maximum GPU temperature, defaulting to 110°C
2024/12/17 (01:28:25) | WARNING: ROCm SMI: Failed to get PCIe throughput

2024/12/17 (01:55:54) | ===> btop++ v.1.4.0
2024/12/17 (01:55:54) | WARNING: ROCm SMI: Failed to get maximum GPU temperature, defaulting to 110°C
2024/12/17 (01:55:54) | WARNING: ROCm SMI: Failed to get PCIe throughput

2024/12/17 (20:46:03) | ===> btop++ v.1.4.0
2024/12/17 (20:46:03) | WARNING: ROCm SMI: Failed to get maximum GPU temperature, defaulting to 110°C
2024/12/17 (20:46:03) | WARNING: ROCm SMI: Failed to get PCIe throughput

2024/12/17 (21:17:28) | ===> btop++ v.1.4.0
2024/12/17 (21:17:28) | WARNING: ROCm SMI: Failed to get maximum GPU temperature, defaulting to 110°C
2024/12/17 (21:17:28) | WARNING: ROCm SMI: Failed to get PCIe throughput

2024/12/17 (21:34:05) | ===> btop++ v.1.4.0
2024/12/17 (21:34:05) | WARNING: ROCm SMI: Failed to get maximum GPU temperature, defaulting to 110°C
2024/12/17 (21:34:05) | WARNING: ROCm SMI: Failed to get PCIe throughput

2024/12/19 (22:28:24) | ===> btop++ v.1.4.0
2024/12/19 (22:28:24) | WARNING: ROCm SMI: Failed to get maximum GPU temperature, defaulting to 110°C
2024/12/19 (22:28:24) | WARNING: ROCm SMI: Failed to get PCIe throughput

2024/12/20 (01:41:56) | ===> btop++ v.1.4.0
2024/12/20 (01:41:56) | WARNING: ROCm SMI: Failed to get maximum GPU temperature, defaulting to 110°C
2024/12/20 (01:41:56) | WARNING: ROCm SMI: Failed to get PCIe throughput

2024/12/20 (01:55:34) | ===> btop++ v.1.4.0
2024/12/20 (01:55:34) | WARNING: ROCm SMI: Failed to get maximum GPU temperature, defaulting to 110°C
2024/12/20 (01:55:34) | WARNING: ROCm SMI: Failed to get PCIe throughput

2025/01/01 (16:04:02) | ===> btop++ v.1.4.0
2025/01/01 (16:04:02) | WARNING: ROCm SMI: Failed to get maximum GPU temperature, defaulting to 110°C
2025/01/01 (16:04:02) | WARNING: ROCm SMI: Failed to get PCIe throughput

2025/01/01 (18:15:47) | ===> btop++ v.1.4.0
2025/01/01 (18:15:47) | WARNING: ROCm SMI: Failed to get maximum GPU temperature, defaulting to 110°C
2025/01/01 (18:15:47) | WARNING: ROCm SMI: Failed to get PCIe throughput

2025/01/02 (01:27:30) | ===> btop++ v.1.4.0
2025/01/02 (01:27:30) | WARNING: ROCm SMI: Failed to get maximum GPU temperature, defaulting to 110°C
2025/01/02 (01:27:30) | WARNING: ROCm SMI: Failed to get PCIe throughput

2025/01/02 (21:24:28) | ===> btop++ v.1.4.0
2025/01/02 (21:24:28) | WARNING: ROCm SMI: Failed to get maximum GPU temperature, defaulting to 110°C
2025/01/02 (21:24:28) | WARNING: ROCm SMI: Failed to get PCIe throughput

2025/01/06 (06:37:00) | ===> btop++ v.1.4.0
2025/01/06 (06:37:00) | WARNING: ROCm SMI: Failed to get maximum GPU temperature, defaulting to 110°C
2025/01/06 (06:37:00) | WARNING: ROCm SMI: Failed to get PCIe throughput

2025/01/06 (15:57:38) | ===> btop++ v.1.4.0
2025/01/06 (15:57:38) | WARNING: ROCm SMI: Failed to get maximum GPU temperature, defaulting to 110°C
2025/01/06 (15:57:38) | WARNING: ROCm SMI: Failed to get PCIe throughput

2025/01/07 (23:20:20) | ===> btop++ v.1.4.0
2025/01/07 (23:20:20) | WARNING: ROCm SMI: Failed to get maximum GPU temperature, defaulting to 110°C
2025/01/07 (23:20:20) | WARNING: ROCm SMI: Failed to get PCIe throughput

2025/01/08 (10:37:32) | ===> btop++ v.1.4.0
2025/01/08 (10:37:32) | WARNING: ROCm SMI: Failed to get maximum GPU temperature, defaulting to 110°C
2025/01/08 (10:37:32) | WARNING: ROCm SMI: Failed to get PCIe throughput

2025/01/12 (02:53:10) | ===> btop++ v.1.4.0
2025/01/12 (02:53:10) | WARNING: ROCm SMI: Failed to get maximum GPU temperature, defaulting to 110°C
2025/01/12 (02:53:10) | WARNING: ROCm SMI: Failed to get PCIe throughput

2025/01/13 (19:47:13) | ===> btop++ v.1.4.0
2025/01/13 (19:47:13) | WARNING: ROCm SMI: Failed to get maximum GPU temperature, defaulting to 110°C
2025/01/13 (19:47:13) | WARNING: ROCm SMI: Failed to get PCIe throughput

2025/01/20 (17:12:00) | ===> btop++ v.1.4.0
2025/01/20 (17:12:00) | WARNING: ROCm SMI: Failed to get maximum GPU temperature, defaulting to 110°C
2025/01/20 (17:12:00) | WARNING: ROCm SMI: Failed to get PCIe throughput

2025/01/20 (20:37:24) | ===> btop++ v.1.4.0
2025/01/20 (20:37:24) | WARNING: ROCm SMI: Failed to get maximum GPU temperature, defaulting to 110°C
2025/01/20 (20:37:24) | WARNING: ROCm SMI: Failed to get PCIe throughput

2025/01/22 (01:29:41) | ===> btop++ v.1.4.0
2025/01/22 (01:29:41) | WARNING: ROCm SMI: Failed to get maximum GPU temperature, defaulting to 110°C
2025/01/22 (01:29:41) | WARNING: ROCm SMI: Failed to get PCIe throughput

2025/01/22 (01:38:23) | ===> btop++ v.1.4.0
2025/01/22 (01:38:23) | WARNING: ROCm SMI: Failed to get maximum GPU temperature, defaulting to 110°C
2025/01/22 (01:38:23) | WARNING: ROCm SMI: Failed to get PCIe throughput

2025/01/22 (03:50:58) | ===> btop++ v.1.4.0
2025/01/22 (03:50:58) | WARNING: ROCm SMI: Failed to get maximum GPU temperature, defaulting to 110°C
2025/01/22 (03:50:58) | WARNING: ROCm SMI: Failed to get PCIe throughput

2025/01/23 (14:00:45) | ===> btop++ v.1.4.0
2025/01/23 (14:00:45) | WARNING: ROCm SMI: Failed to get maximum GPU temperature, defaulting to 110°C
2025/01/23 (14:00:45) | WARNING: ROCm SMI: Failed to get PCIe throughput

2025/01/24 (01:29:21) | ===> btop++ v.1.4.0
2025/01/24 (01:29:21) | WARNING: ROCm SMI: Failed to get maximum GPU temperature, defaulting to 110°C
2025/01/24 (01:29:21) | WARNING: ROCm SMI: Failed to get PCIe throughput

2025/01/24 (01:43:11) | ===> btop++ v.1.4.0
2025/01/24 (01:43:11) | WARNING: ROCm SMI: Failed to get maximum GPU temperature, defaulting to 110°C
2025/01/24 (01:43:11) | WARNING: ROCm SMI: Failed to get PCIe throughput

2025/01/24 (01:43:24) | ===> btop++ v.1.4.0
2025/01/24 (01:43:24) | WARNING: ROCm SMI: Failed to get maximum GPU temperature, defaulting to 110°C
2025/01/24 (01:43:24) | WARNING: ROCm SMI: Failed to get PCIe throughput

2025/01/24 (02:50:25) | ===> btop++ v.1.4.0
2025/01/24 (02:50:25) | WARNING: ROCm SMI: Failed to get maximum GPU temperature, defaulting to 110°C
2025/01/24 (02:50:25) | WARNING: ROCm SMI: Failed to get PCIe throughput

2025/01/29 (15:02:12) | ===> btop++ v.1.4.0
2025/01/29 (15:02:12) | WARNING: ROCm SMI: Failed to get maximum GPU temperature, defaulting to 110°C
2025/01/29 (15:02:12) | WARNING: ROCm SMI: Failed to get PCIe throughput

2025/02/02 (22:35:48) | ===> btop++ v.1.4.0
2025/02/02 (22:35:48) | WARNING: ROCm SMI: Failed to get maximum GPU temperature, defaulting to 110°C
2025/02/02 (22:35:48) | WARNING: ROCm SMI: Failed to get PCIe throughput

2025/02/02 (22:36:15) | ===> btop++ v.1.4.0
2025/02/02 (22:36:15) | WARNING: ROCm SMI: Failed to get maximum GPU temperature, defaulting to 110°C
2025/02/02 (22:36:15) | WARNING: ROCm SMI: Failed to get PCIe throughput

2025/02/02 (23:14:47) | ===> btop++ v.1.4.0
2025/02/02 (23:14:47) | WARNING: ROCm SMI: Failed to get maximum GPU temperature, defaulting to 110°C
2025/02/02 (23:14:47) | WARNING: ROCm SMI: Failed to get PCIe throughput

2025/02/03 (23:31:50) | ===> btop++ v.1.4.0
2025/02/03 (23:31:50) | WARNING: ROCm SMI: Failed to get maximum GPU temperature, defaulting to 110°C
2025/02/03 (23:31:50) | WARNING: ROCm SMI: Failed to get PCIe throughput

2025/02/03 (23:32:34) | ===> btop++ v.1.4.0
2025/02/03 (23:32:34) | WARNING: ROCm SMI: Failed to get maximum GPU temperature, defaulting to 110°C
2025/02/03 (23:32:34) | WARNING: ROCm SMI: Failed to get PCIe throughput

2025/02/05 (21:04:36) | ===> btop++ v.1.4.0
2025/02/05 (21:04:36) | WARNING: ROCm SMI: Failed to get maximum GPU temperature, defaulting to 110°C
2025/02/05 (21:04:36) | WARNING: ROCm SMI: Failed to get PCIe throughput

2025/02/05 (21:06:09) | ===> btop++ v.1.4.0
2025/02/05 (21:06:09) | WARNING: ROCm SMI: Failed to get maximum GPU temperature, defaulting to 110°C
2025/02/05 (21:06:09) | WARNING: ROCm SMI: Failed to get PCIe throughput
2025/02/05 (21:19:50) | WARNING: ROCm SMI: Failed to get VRAM utilization
2025/02/05 (21:19:50) | WARNING: ROCm SMI: Failed to get GPU clock speed: 
2025/02/05 (21:19:50) | WARNING: ROCm SMI: Failed to get VRAM clock speed: 
2025/02/05 (21:19:50) | WARNING: ROCm SMI: Failed to get GPU power usage
2025/02/05 (21:19:50) | WARNING: ROCm SMI: Failed to get GPU temperature

2025/02/05 (21:20:49) | ===> btop++ v.1.4.0
2025/02/05 (21:20:49) | WARNING: ROCm SMI: Failed to get maximum GPU temperature, defaulting to 110°C
2025/02/05 (21:20:49) | WARNING: ROCm SMI: Failed to get PCIe throughput

2025/02/09 (05:30:01) | ===> btop++ v.1.4.0
2025/02/09 (05:30:01) | WARNING: ROCm SMI: Failed to get maximum GPU temperature, defaulting to 110°C
2025/02/09 (05:30:01) | WARNING: ROCm SMI: Failed to get PCIe throughput
2025/02/09 (06:22:37) | WARNING: ROCm SMI: Failed to get VRAM utilization
2025/02/09 (06:22:37) | WARNING: ROCm SMI: Failed to get GPU clock speed: 
2025/02/09 (06:22:37) | WARNING: ROCm SMI: Failed to get VRAM clock speed: 
2025/02/09 (06:22:37) | WARNING: ROCm SMI: Failed to get GPU power usage
2025/02/09 (06:22:37) | WARNING: ROCm SMI: Failed to get GPU temperature
2025/02/09 (06:22:38) | WARNING: ROCm SMI: Failed to get VRAM utilization
2025/02/09 (06:22:38) | WARNING: ROCm SMI: Failed to get GPU clock speed: 
2025/02/09 (06:22:38) | WARNING: ROCm SMI: Failed to get VRAM clock speed: 
2025/02/09 (06:22:38) | WARNING: ROCm SMI: Failed to get GPU power usage
2025/02/09 (06:22:38) | WARNING: ROCm SMI: Failed to get GPU temperature

2025/02/09 (06:23:07) | ===> btop++ v.1.4.0
2025/02/09 (06:23:07) | WARNING: ROCm SMI: Failed to get maximum GPU temperature, defaulting to 110°C
2025/02/09 (06:23:07) | WARNING: ROCm SMI: Failed to get PCIe throughput

2025/02/09 (06:24:21) | ===> btop++ v.1.4.0
2025/02/09 (06:24:21) | WARNING: ROCm SMI: Failed to get maximum GPU temperature, defaulting to 110°C
2025/02/09 (06:24:21) | WARNING: ROCm SMI: Failed to get PCIe throughput
2025/02/09 (06:36:13) | WARNING: ROCm SMI: Failed to get VRAM utilization
2025/02/09 (06:36:13) | WARNING: ROCm SMI: Failed to get GPU clock speed: 
2025/02/09 (06:36:13) | WARNING: ROCm SMI: Failed to get VRAM clock speed: 
2025/02/09 (06:36:13) | WARNING: ROCm SMI: Failed to get GPU power usage
2025/02/09 (06:36:13) | WARNING: ROCm SMI: Failed to get GPU temperature

2025/02/10 (01:11:54) | ===> btop++ v.1.4.0
2025/02/10 (01:11:54) | WARNING: ROCm SMI: Failed to get maximum GPU temperature, defaulting to 110°C
2025/02/10 (01:11:54) | WARNING: ROCm SMI: Failed to get PCIe throughput

2025/02/10 (23:03:38) | ===> btop++ v.1.4.0
2025/02/10 (23:03:38) | WARNING: ROCm SMI: Failed to get maximum GPU temperature, defaulting to 110°C
2025/02/10 (23:03:38) | WARNING: ROCm SMI: Failed to get PCIe throughput

2025/02/11 (03:27:49) | ===> btop++ v.1.4.0
2025/02/11 (03:27:49) | WARNING: ROCm SMI: Failed to get maximum GPU temperature, defaulting to 110°C
2025/02/11 (03:27:49) | WARNING: ROCm SMI: Failed to get PCIe throughput

2025/02/12 (11:01:32) | ===> btop++ v.1.4.0
2025/02/12 (11:01:32) | WARNING: ROCm SMI: Failed to get maximum GPU temperature, defaulting to 110°C
2025/02/12 (11:01:32) | WARNING: ROCm SMI: Failed to get PCIe throughput

2025/02/12 (22:25:57) | ===> btop++ v.1.4.0
2025/02/12 (22:25:57) | WARNING: ROCm SMI: Failed to get maximum GPU temperature, defaulting to 110°C
2025/02/12 (22:25:57) | WARNING: ROCm SMI: Failed to get PCIe throughput

2025/02/12 (22:39:45) | ===> btop++ v.1.4.0
2025/02/12 (22:39:45) | WARNING: ROCm SMI: Failed to get maximum GPU temperature, defaulting to 110°C
2025/02/12 (22:39:45) | WARNING: ROCm SMI: Failed to get PCIe throughput

2025/02/12 (22:48:02) | ===> btop++ v.1.4.0
2025/02/12 (22:48:02) | WARNING: ROCm SMI: Failed to get maximum GPU temperature, defaulting to 110°C
2025/02/12 (22:48:02) | WARNING: ROCm SMI: Failed to get PCIe throughput

2025/02/14 (01:52:07) | ===> btop++ v.1.4.0
2025/02/14 (01:52:07) | WARNING: ROCm SMI: Failed to get maximum GPU temperature, defaulting to 110°C
2025/02/14 (01:52:07) | WARNING: ROCm SMI: Failed to get PCIe throughput

2025/02/14 (02:00:45) | ===> btop++ v.1.4.0
2025/02/14 (02:00:45) | WARNING: ROCm SMI: Failed to get maximum GPU temperature, defaulting to 110°C
2025/02/14 (02:00:45) | WARNING: ROCm SMI: Failed to get PCIe throughput

2025/02/14 (02:07:23) | ===> btop++ v.1.4.0
2025/02/14 (02:07:23) | WARNING: ROCm SMI: Failed to get maximum GPU temperature, defaulting to 110°C
2025/02/14 (02:07:23) | WARNING: ROCm SMI: Failed to get PCIe throughput

2025/02/15 (00:30:27) | ===> btop++ v.1.4.0
2025/02/15 (00:30:27) | WARNING: ROCm SMI: Failed to get maximum GPU temperature, defaulting to 110°C
2025/02/15 (00:30:27) | WARNING: ROCm SMI: Failed to get PCIe throughput

2025/02/15 (03:56:25) | ===> btop++ v.1.4.0
2025/02/15 (03:56:25) | WARNING: ROCm SMI: Failed to get maximum GPU temperature, defaulting to 110°C
2025/02/15 (03:56:25) | WARNING: ROCm SMI: Failed to get PCIe throughput

2025/02/15 (20:57:20) | ===> btop++ v.1.4.0
2025/02/15 (20:57:20) | WARNING: ROCm SMI: Failed to get maximum GPU temperature, defaulting to 110°C
2025/02/15 (20:57:20) | WARNING: ROCm SMI: Failed to get PCIe throughput

2025/02/15 (20:57:53) | ===> btop++ v.1.4.0
2025/02/15 (20:57:53) | WARNING: ROCm SMI: Failed to get maximum GPU temperature, defaulting to 110°C
2025/02/15 (20:57:53) | WARNING: ROCm SMI: Failed to get PCIe throughput

2025/02/17 (02:09:21) | ===> btop++ v.1.4.0
2025/02/17 (02:09:21) | WARNING: ROCm SMI: Failed to get maximum GPU temperature, defaulting to 110°C
2025/02/17 (02:09:21) | WARNING: ROCm SMI: Failed to get PCIe throughput

2025/02/17 (05:29:56) | ===> btop++ v.1.4.0
2025/02/17 (05:29:56) | WARNING: ROCm SMI: Failed to get maximum GPU temperature, defaulting to 110°C
2025/02/17 (05:29:56) | WARNING: ROCm SMI: Failed to get PCIe throughput

2025/02/25 (00:16:09) | ===> btop++ v.1.4.0
2025/02/25 (00:16:09) | WARNING: ROCm SMI: Failed to get maximum GPU temperature, defaulting to 110°C
2025/02/25 (00:16:09) | WARNING: ROCm SMI: Failed to get PCIe throughput

2025/02/25 (01:58:17) | ===> btop++ v.1.4.0
2025/02/25 (01:58:17) | WARNING: ROCm SMI: Failed to get maximum GPU temperature, defaulting to 110°C
2025/02/25 (01:58:17) | WARNING: ROCm SMI: Failed to get PCIe throughput

2025/02/25 (02:16:09) | ===> btop++ v.1.4.0
2025/02/25 (02:16:09) | WARNING: ROCm SMI: Failed to get maximum GPU temperature, defaulting to 110°C
2025/02/25 (02:16:09) | WARNING: ROCm SMI: Failed to get PCIe throughput

2025/02/28 (01:22:09) | ===> btop++ v.1.4.0
2025/02/28 (01:22:09) | WARNING: ROCm SMI: Failed to get maximum GPU temperature, defaulting to 110°C
2025/02/28 (01:22:09) | WARNING: ROCm SMI: Failed to get PCIe throughput

2025/03/01 (23:38:51) | ===> btop++ v.1.4.0
2025/03/01 (23:38:51) | WARNING: ROCm SMI: Failed to get maximum GPU temperature, defaulting to 110°C
2025/03/01 (23:38:51) | WARNING: ROCm SMI: Failed to get PCIe throughput

2025/03/02 (18:47:59) | ===> btop++ v.1.4.0
2025/03/02 (18:47:59) | WARNING: ROCm SMI: Failed to get maximum GPU temperature, defaulting to 110°C
2025/03/02 (18:47:59) | WARNING: ROCm SMI: Failed to get PCIe throughput
2025/03/02 (19:17:51) | WARNING: ROCm SMI: Failed to get VRAM utilization
2025/03/02 (19:17:51) | WARNING: ROCm SMI: Failed to get GPU clock speed: 
2025/03/02 (19:17:51) | WARNING: ROCm SMI: Failed to get VRAM clock speed: 
2025/03/02 (19:17:51) | WARNING: ROCm SMI: Failed to get GPU power usage
2025/03/02 (19:17:51) | WARNING: ROCm SMI: Failed to get GPU temperature

2025/03/03 (03:20:35) | ===> btop++ v.1.4.0
2025/03/03 (03:20:35) | WARNING: ROCm SMI: Failed to get maximum GPU temperature, defaulting to 110°C
2025/03/03 (03:20:35) | WARNING: ROCm SMI: Failed to get PCIe throughput

2025/03/03 (15:37:03) | ===> btop++ v.1.4.0
2025/03/03 (15:37:03) | WARNING: ROCm SMI: Failed to get maximum GPU temperature, defaulting to 110°C
2025/03/03 (15:37:03) | WARNING: ROCm SMI: Failed to get PCIe throughput

2025/03/04 (02:04:40) | ===> btop++ v.1.4.0
2025/03/04 (02:04:40) | WARNING: ROCm SMI: Failed to get maximum GPU temperature, defaulting to 110°C
2025/03/04 (02:04:40) | WARNING: ROCm SMI: Failed to get PCIe throughput

2025/03/04 (05:40:28) | ===> btop++ v.1.4.0
2025/03/04 (05:40:28) | WARNING: ROCm SMI: Failed to get maximum GPU temperature, defaulting to 110°C
2025/03/04 (05:40:28) | WARNING: ROCm SMI: Failed to get PCIe throughput

2025/03/04 (05:55:18) | ===> btop++ v.1.4.0
2025/03/04 (05:55:18) | WARNING: ROCm SMI: Failed to get maximum GPU temperature, defaulting to 110°C
2025/03/04 (05:55:18) | WARNING: ROCm SMI: Failed to get PCIe throughput

2025/03/04 (06:27:53) | ===> btop++ v.1.4.0
2025/03/04 (06:27:53) | WARNING: ROCm SMI: Failed to get maximum GPU temperature, defaulting to 110°C
2025/03/04 (06:27:53) | WARNING: ROCm SMI: Failed to get PCIe throughput

2025/03/04 (06:28:30) | ===> btop++ v.1.4.0
2025/03/04 (06:28:30) | WARNING: ROCm SMI: Failed to get maximum GPU temperature, defaulting to 110°C
2025/03/04 (06:28:30) | WARNING: ROCm SMI: Failed to get PCIe throughput

2025/03/04 (06:45:03) | ===> btop++ v.1.4.0
2025/03/04 (06:45:03) | WARNING: ROCm SMI: Failed to get maximum GPU temperature, defaulting to 110°C
2025/03/04 (06:45:03) | WARNING: ROCm SMI: Failed to get PCIe throughput

2025/03/05 (16:58:19) | ===> btop++ v.1.4.0
2025/03/05 (16:58:19) | WARNING: ROCm SMI: Failed to get maximum GPU temperature, defaulting to 110°C
2025/03/05 (16:58:19) | WARNING: ROCm SMI: Failed to get PCIe throughput

2025/03/05 (17:56:14) | ===> btop++ v.1.4.0
2025/03/05 (17:56:14) | WARNING: ROCm SMI: Failed to get maximum GPU temperature, defaulting to 110°C
2025/03/05 (17:56:14) | WARNING: ROCm SMI: Failed to get PCIe throughput

2025/03/06 (15:46:08) | ===> btop++ v.1.4.0
2025/03/06 (15:46:08) | WARNING: ROCm SMI: Failed to get maximum GPU temperature, defaulting to 110°C
2025/03/06 (15:46:08) | WARNING: ROCm SMI: Failed to get PCIe throughput
2025/03/06 (16:17:16) | WARNING: ROCm SMI: Failed to get VRAM utilization
2025/03/06 (16:17:16) | WARNING: ROCm SMI: Failed to get GPU clock speed: 
2025/03/06 (16:17:16) | WARNING: ROCm SMI: Failed to get VRAM clock speed: 
2025/03/06 (16:17:16) | WARNING: ROCm SMI: Failed to get GPU power usage
2025/03/06 (16:17:16) | WARNING: ROCm SMI: Failed to get GPU temperature

2025/03/06 (16:41:02) | ===> btop++ v.1.4.0
2025/03/06 (16:41:02) | WARNING: ROCm SMI: Failed to get maximum GPU temperature, defaulting to 110°C
2025/03/06 (16:41:02) | WARNING: ROCm SMI: Failed to get PCIe throughput

2025/03/07 (03:08:30) | ===> btop++ v.1.4.0
2025/03/07 (03:08:30) | WARNING: ROCm SMI: Failed to get maximum GPU temperature, defaulting to 110°C
2025/03/07 (03:08:30) | WARNING: ROCm SMI: Failed to get PCIe throughput
2025/03/07 (03:31:48) | WARNING: ROCm SMI: Failed to get VRAM utilization
2025/03/07 (03:31:48) | WARNING: ROCm SMI: Failed to get GPU clock speed: 
2025/03/07 (03:31:48) | WARNING: ROCm SMI: Failed to get VRAM clock speed: 
2025/03/07 (03:31:48) | WARNING: ROCm SMI: Failed to get GPU power usage
2025/03/07 (03:31:48) | WARNING: ROCm SMI: Failed to get GPU temperature

2025/03/07 (03:32:02) | ===> btop++ v.1.4.0
2025/03/07 (03:32:02) | WARNING: ROCm SMI: Failed to get maximum GPU temperature, defaulting to 110°C
2025/03/07 (03:32:02) | WARNING: ROCm SMI: Failed to get PCIe throughput

2025/03/08 (22:49:14) | ===> btop++ v.1.4.0
2025/03/08 (22:49:14) | WARNING: ROCm SMI: Failed to get maximum GPU temperature, defaulting to 110°C
2025/03/08 (22:49:14) | WARNING: ROCm SMI: Failed to get PCIe throughput

2025/03/11 (00:23:40) | ===> btop++ v.1.4.0
2025/03/11 (00:23:40) | WARNING: ROCm SMI: Failed to get maximum GPU temperature, defaulting to 110°C
2025/03/11 (00:23:40) | WARNING: ROCm SMI: Failed to get PCIe throughput

2025/03/11 (00:29:33) | ===> btop++ v.1.4.0
2025/03/11 (00:29:33) | WARNING: ROCm SMI: Failed to get maximum GPU temperature, defaulting to 110°C
2025/03/11 (00:29:33) | WARNING: ROCm SMI: Failed to get PCIe throughput

2025/03/11 (00:49:20) | ===> btop++ v.1.4.0
2025/03/11 (00:49:20) | WARNING: ROCm SMI: Failed to get maximum GPU temperature, defaulting to 110°C
2025/03/11 (00:49:20) | WARNING: ROCm SMI: Failed to get PCIe throughput

2025/03/12 (11:11:46) | ===> btop++ v.1.4.0
2025/03/12 (11:11:46) | WARNING: ROCm SMI: Failed to get maximum GPU temperature, defaulting to 110°C
2025/03/12 (11:11:46) | WARNING: ROCm SMI: Failed to get PCIe throughput

2025/03/14 (17:58:05) | ===> btop++ v.1.4.0
2025/03/14 (17:58:05) | WARNING: ROCm SMI: Failed to get maximum GPU temperature, defaulting to 110°C
2025/03/14 (17:58:05) | WARNING: ROCm SMI: Failed to get PCIe throughput

2025/03/14 (18:21:51) | ===> btop++ v.1.4.0
2025/03/14 (18:21:51) | WARNING: ROCm SMI: Failed to get maximum GPU temperature, defaulting to 110°C
2025/03/14 (18:21:51) | WARNING: ROCm SMI: Failed to get PCIe throughput

2025/03/14 (19:58:45) | ===> btop++ v.1.4.0
2025/03/14 (19:58:45) | WARNING: ROCm SMI: Failed to get maximum GPU temperature, defaulting to 110°C
2025/03/14 (19:58:45) | WARNING: ROCm SMI: Failed to get PCIe throughput

2025/03/14 (19:59:21) | ===> btop++ v.1.4.0
2025/03/14 (19:59:21) | WARNING: ROCm SMI: Failed to get maximum GPU temperature, defaulting to 110°C
2025/03/14 (19:59:21) | WARNING: ROCm SMI: Failed to get PCIe throughput

2025/03/14 (20:01:50) | ===> btop++ v.1.4.0
2025/03/14 (20:01:50) | WARNING: ROCm SMI: Failed to get maximum GPU temperature, defaulting to 110°C
2025/03/14 (20:01:50) | WARNING: ROCm SMI: Failed to get PCIe throughput

2025/03/14 (20:14:03) | ===> btop++ v.1.4.0
2025/03/14 (20:14:03) | WARNING: ROCm SMI: Failed to get maximum GPU temperature, defaulting to 110°C
2025/03/14 (20:14:03) | WARNING: ROCm SMI: Failed to get PCIe throughput

2025/03/14 (20:42:12) | ===> btop++ v.1.4.0
2025/03/14 (20:42:12) | WARNING: ROCm SMI: Failed to get maximum GPU temperature, defaulting to 110°C
2025/03/14 (20:42:12) | WARNING: ROCm SMI: Failed to get PCIe throughput

2025/03/14 (20:52:40) | ===> btop++ v.1.4.0
2025/03/14 (20:52:40) | WARNING: ROCm SMI: Failed to get maximum GPU temperature, defaulting to 110°C
2025/03/14 (20:52:40) | WARNING: ROCm SMI: Failed to get PCIe throughput

2025/03/14 (21:38:26) | ===> btop++ v.1.4.0
2025/03/14 (21:38:26) | WARNING: ROCm SMI: Failed to get maximum GPU temperature, defaulting to 110°C
2025/03/14 (21:38:26) | WARNING: ROCm SMI: Failed to get PCIe throughput

2025/03/17 (16:50:15) | ===> btop++ v.1.4.0
2025/03/17 (16:50:15) | WARNING: ROCm SMI: Failed to get maximum GPU temperature, defaulting to 110°C
2025/03/17 (16:50:15) | WARNING: ROCm SMI: Failed to get PCIe throughput
2025/03/17 (21:45:35) | ERROR: Stall in Runner thread, restarting!
2025/03/17 (21:46:05) | ERROR: Stall in Runner thread, restarting!

2025/03/17 (23:01:50) | ===> btop++ v.1.4.0
2025/03/17 (23:01:50) | WARNING: ROCm SMI: Failed to get maximum GPU temperature, defaulting to 110°C
2025/03/17 (23:01:50) | WARNING: ROCm SMI: Failed to get PCIe throughput

2025/03/18 (09:09:52) | ===> btop++ v.1.4.0
2025/03/18 (09:09:52) | WARNING: ROCm SMI: Failed to get maximum GPU temperature, defaulting to 110°C
2025/03/18 (09:09:52) | WARNING: ROCm SMI: Failed to get PCIe throughput

2025/03/24 (19:51:10) | ===> btop++ v.1.4.0
2025/03/24 (19:51:10) | WARNING: ROCm SMI: Failed to get maximum GPU temperature, defaulting to 110°C
2025/03/24 (19:51:10) | WARNING: ROCm SMI: Failed to get PCIe throughput

2025/03/24 (19:54:36) | ===> btop++ v.1.4.0
2025/03/24 (19:54:36) | WARNING: ROCm SMI: Failed to get maximum GPU temperature, defaulting to 110°C
2025/03/24 (19:54:36) | WARNING: ROCm SMI: Failed to get PCIe throughput

2025/03/24 (19:55:06) | ===> btop++ v.1.4.0
2025/03/24 (19:55:06) | WARNING: ROCm SMI: Failed to get maximum GPU temperature, defaulting to 110°C
2025/03/24 (19:55:06) | WARNING: ROCm SMI: Failed to get PCIe throughput

2025/03/24 (19:55:56) | ===> btop++ v.1.4.0
2025/03/24 (19:55:56) | WARNING: ROCm SMI: Failed to get maximum GPU temperature, defaulting to 110°C
2025/03/24 (19:55:56) | WARNING: ROCm SMI: Failed to get PCIe throughput

2025/03/24 (20:04:38) | ===> btop++ v.1.4.0
2025/03/24 (20:04:38) | WARNING: ROCm SMI: Failed to get maximum GPU temperature, defaulting to 110°C
2025/03/24 (20:04:38) | WARNING: ROCm SMI: Failed to get PCIe throughput

2025/03/28 (00:04:58) | ===> btop++ v.1.4.0
2025/03/28 (00:04:58) | WARNING: ROCm SMI: Failed to get maximum GPU temperature, defaulting to 110°C
2025/03/28 (00:04:58) | WARNING: ROCm SMI: Failed to get PCIe throughput

2025/03/28 (02:15:57) | ===> btop++ v.1.4.0
2025/03/28 (02:15:57) | WARNING: ROCm SMI: Failed to get maximum GPU temperature, defaulting to 110°C
2025/03/28 (02:15:57) | WARNING: ROCm SMI: Failed to get PCIe throughput

2025/03/28 (02:18:14) | ===> btop++ v.1.4.0
2025/03/28 (02:18:14) | WARNING: ROCm SMI: Failed to get maximum GPU temperature, defaulting to 110°C
2025/03/28 (02:18:14) | WARNING: ROCm SMI: Failed to get PCIe throughput

2025/03/28 (02:20:36) | ===> btop++ v.1.4.0
2025/03/28 (02:20:36) | WARNING: ROCm SMI: Failed to get maximum GPU temperature, defaulting to 110°C
2025/03/28 (02:20:36) | WARNING: ROCm SMI: Failed to get PCIe throughput

2025/03/28 (02:23:27) | ===> btop++ v.1.4.0
2025/03/28 (02:23:27) | WARNING: ROCm SMI: Failed to get maximum GPU temperature, defaulting to 110°C
2025/03/28 (02:23:27) | WARNING: ROCm SMI: Failed to get PCIe throughput

2025/03/28 (02:24:27) | ===> btop++ v.1.4.0
2025/03/28 (02:24:27) | WARNING: ROCm SMI: Failed to get maximum GPU temperature, defaulting to 110°C
2025/03/28 (02:24:27) | WARNING: ROCm SMI: Failed to get PCIe throughput

2025/03/28 (02:25:34) | ===> btop++ v.1.4.0
2025/03/28 (02:25:34) | WARNING: ROCm SMI: Failed to get maximum GPU temperature, defaulting to 110°C
2025/03/28 (02:25:34) | WARNING: ROCm SMI: Failed to get PCIe throughput

2025/03/28 (02:26:54) | ===> btop++ v.1.4.0
2025/03/28 (02:26:54) | WARNING: ROCm SMI: Failed to get maximum GPU temperature, defaulting to 110°C
2025/03/28 (02:26:54) | WARNING: ROCm SMI: Failed to get PCIe throughput

2025/03/28 (02:27:28) | ===> btop++ v.1.4.0
2025/03/28 (02:27:28) | WARNING: ROCm SMI: Failed to get maximum GPU temperature, defaulting to 110°C
2025/03/28 (02:27:28) | WARNING: ROCm SMI: Failed to get PCIe throughput

2025/03/28 (02:29:16) | ===> btop++ v.1.4.0
2025/03/28 (02:29:16) | WARNING: ROCm SMI: Failed to get maximum GPU temperature, defaulting to 110°C
2025/03/28 (02:29:16) | WARNING: ROCm SMI: Failed to get PCIe throughput

2025/03/28 (02:31:40) | ===> btop++ v.1.4.0
2025/03/28 (02:31:40) | WARNING: ROCm SMI: Failed to get maximum GPU temperature, defaulting to 110°C
2025/03/28 (02:31:40) | WARNING: ROCm SMI: Failed to get PCIe throughput

2025/03/28 (02:32:22) | ===> btop++ v.1.4.0
2025/03/28 (02:32:22) | WARNING: ROCm SMI: Failed to get maximum GPU temperature, defaulting to 110°C
2025/03/28 (02:32:22) | WARNING: ROCm SMI: Failed to get PCIe throughput

2025/03/28 (02:37:26) | ===> btop++ v.1.4.0
2025/03/28 (02:37:26) | WARNING: ROCm SMI: Failed to get maximum GPU temperature, defaulting to 110°C
2025/03/28 (02:37:26) | WARNING: ROCm SMI: Failed to get PCIe throughput

2025/03/28 (02:37:42) | ===> btop++ v.1.4.0
2025/03/28 (02:37:42) | WARNING: ROCm SMI: Failed to get maximum GPU temperature, defaulting to 110°C
2025/03/28 (02:37:42) | WARNING: ROCm SMI: Failed to get PCIe throughput

2025/03/28 (02:38:00) | ===> btop++ v.1.4.0
2025/03/28 (02:38:00) | WARNING: ROCm SMI: Failed to get maximum GPU temperature, defaulting to 110°C
2025/03/28 (02:38:00) | WARNING: ROCm SMI: Failed to get PCIe throughput

2025/03/28 (23:43:54) | ===> btop++ v.1.4.0
2025/03/28 (23:43:54) | WARNING: ROCm SMI: Failed to get maximum GPU temperature, defaulting to 110°C
2025/03/28 (23:43:54) | WARNING: ROCm SMI: Failed to get PCIe throughput

2025/03/29 (05:42:08) | ===> btop++ v.1.4.0
2025/03/29 (05:42:08) | WARNING: ROCm SMI: Failed to get maximum GPU temperature, defaulting to 110°C
2025/03/29 (05:42:08) | WARNING: ROCm SMI: Failed to get PCIe throughput

2025/03/29 (05:42:36) | ===> btop++ v.1.4.0
2025/03/29 (05:42:36) | WARNING: ROCm SMI: Failed to get maximum GPU temperature, defaulting to 110°C
2025/03/29 (05:42:36) | WARNING: ROCm SMI: Failed to get PCIe throughput

2025/03/29 (05:43:04) | ===> btop++ v.1.4.0
2025/03/29 (05:43:04) | WARNING: ROCm SMI: Failed to get maximum GPU temperature, defaulting to 110°C
2025/03/29 (05:43:04) | WARNING: ROCm SMI: Failed to get PCIe throughput

2025/03/31 (17:29:09) | ===> btop++ v.1.4.0
2025/03/31 (17:29:09) | WARNING: ROCm SMI: Failed to get maximum GPU temperature, defaulting to 110°C
2025/03/31 (17:29:09) | WARNING: ROCm SMI: Failed to get PCIe throughput

2025/03/31 (17:30:42) | ===> btop++ v.1.4.0
2025/03/31 (17:30:42) | WARNING: ROCm SMI: Failed to get maximum GPU temperature, defaulting to 110°C
2025/03/31 (17:30:42) | WARNING: ROCm SMI: Failed to get PCIe throughput

2025/03/31 (17:33:03) | ===> btop++ v.1.4.0
2025/03/31 (17:33:03) | WARNING: ROCm SMI: Failed to get maximum GPU temperature, defaulting to 110°C
2025/03/31 (17:33:03) | WARNING: ROCm SMI: Failed to get PCIe throughput

2025/03/31 (17:40:56) | ===> btop++ v.1.4.0
2025/03/31 (17:40:56) | WARNING: ROCm SMI: Failed to get maximum GPU temperature, defaulting to 110°C
2025/03/31 (17:40:56) | WARNING: ROCm SMI: Failed to get PCIe throughput

2025/03/31 (18:47:46) | ===> btop++ v.1.4.0
2025/03/31 (18:47:46) | WARNING: ROCm SMI: Failed to get maximum GPU temperature, defaulting to 110°C
2025/03/31 (18:47:46) | WARNING: ROCm SMI: Failed to get PCIe throughput

2025/03/31 (18:50:45) | ===> btop++ v.1.4.0
2025/03/31 (18:50:45) | WARNING: ROCm SMI: Failed to get maximum GPU temperature, defaulting to 110°C
2025/03/31 (18:50:45) | WARNING: ROCm SMI: Failed to get PCIe throughput

2025/03/31 (18:58:14) | ===> btop++ v.1.4.0
2025/03/31 (18:58:14) | WARNING: ROCm SMI: Failed to get maximum GPU temperature, defaulting to 110°C
2025/03/31 (18:58:14) | WARNING: ROCm SMI: Failed to get PCIe throughput

2025/03/31 (19:40:20) | ===> btop++ v.1.4.0
2025/03/31 (19:40:20) | WARNING: ROCm SMI: Failed to get maximum GPU temperature, defaulting to 110°C
2025/03/31 (19:40:20) | WARNING: ROCm SMI: Failed to get PCIe throughput

2025/03/31 (19:43:04) | ===> btop++ v.1.4.0
2025/03/31 (19:43:04) | WARNING: ROCm SMI: Failed to get maximum GPU temperature, defaulting to 110°C
2025/03/31 (19:43:04) | WARNING: ROCm SMI: Failed to get PCIe throughput

2025/03/31 (19:43:15) | ===> btop++ v.1.4.0
2025/03/31 (19:43:15) | WARNING: ROCm SMI: Failed to get maximum GPU temperature, defaulting to 110°C
2025/03/31 (19:43:15) | WARNING: ROCm SMI: Failed to get PCIe throughput

2025/03/31 (19:46:34) | ===> btop++ v.1.4.0
2025/03/31 (19:46:34) | WARNING: ROCm SMI: Failed to get maximum GPU temperature, defaulting to 110°C
2025/03/31 (19:46:34) | WARNING: ROCm SMI: Failed to get PCIe throughput

2025/04/01 (01:26:46) | ===> btop++ v.1.4.0
2025/04/01 (01:26:46) | WARNING: ROCm SMI: Failed to get maximum GPU temperature, defaulting to 110°C
2025/04/01 (01:26:46) | WARNING: ROCm SMI: Failed to get PCIe throughput

2025/04/01 (01:37:20) | ===> btop++ v.1.4.0
2025/04/01 (01:37:20) | WARNING: ROCm SMI: Failed to get maximum GPU temperature, defaulting to 110°C
2025/04/01 (01:37:20) | WARNING: ROCm SMI: Failed to get PCIe throughput

2025/04/01 (01:44:50) | ===> btop++ v.1.4.0
2025/04/01 (01:44:50) | WARNING: ROCm SMI: Failed to get maximum GPU temperature, defaulting to 110°C
2025/04/01 (01:44:50) | WARNING: ROCm SMI: Failed to get PCIe throughput

2025/04/01 (01:46:50) | ===> btop++ v.1.4.0
2025/04/01 (01:46:50) | WARNING: ROCm SMI: Failed to get maximum GPU temperature, defaulting to 110°C
2025/04/01 (01:46:50) | WARNING: ROCm SMI: Failed to get PCIe throughput

2025/04/01 (01:50:38) | ===> btop++ v.1.4.0
2025/04/01 (01:50:38) | WARNING: ROCm SMI: Failed to get maximum GPU temperature, defaulting to 110°C
2025/04/01 (01:50:38) | WARNING: ROCm SMI: Failed to get PCIe throughput

2025/04/01 (01:52:51) | ===> btop++ v.1.4.0
2025/04/01 (01:52:51) | WARNING: ROCm SMI: Failed to get maximum GPU temperature, defaulting to 110°C
2025/04/01 (01:52:51) | WARNING: ROCm SMI: Failed to get PCIe throughput
2025/04/01 (01:52:53) | WARNING: Failed to join _runner thread on exit!

2025/04/01 (01:55:12) | ===> btop++ v.1.4.0
2025/04/01 (01:55:12) | WARNING: ROCm SMI: Failed to get maximum GPU temperature, defaulting to 110°C
2025/04/01 (01:55:12) | WARNING: ROCm SMI: Failed to get PCIe throughput

2025/04/01 (02:00:28) | ===> btop++ v.1.4.0
2025/04/01 (02:00:28) | WARNING: ROCm SMI: Failed to get maximum GPU temperature, defaulting to 110°C
2025/04/01 (02:00:28) | WARNING: ROCm SMI: Failed to get PCIe throughput

2025/04/02 (04:42:42) | ===> btop++ v.1.4.0
2025/04/02 (04:42:42) | WARNING: ROCm SMI: Failed to get maximum GPU temperature, defaulting to 110°C
2025/04/02 (04:42:42) | WARNING: ROCm SMI: Failed to get PCIe throughput

2025/04/06 (10:09:17) | ===> btop++ v.1.4.0
2025/04/06 (10:09:17) | WARNING: ROCm SMI: Failed to get maximum GPU temperature, defaulting to 110°C
2025/04/06 (10:09:17) | WARNING: ROCm SMI: Failed to get PCIe throughput

2025/04/06 (10:16:38) | ===> btop++ v.1.4.0
2025/04/06 (10:16:38) | WARNING: ROCm SMI: Failed to get maximum GPU temperature, defaulting to 110°C
2025/04/06 (10:16:38) | WARNING: ROCm SMI: Failed to get PCIe throughput

2025/04/06 (10:45:08) | ===> btop++ v.1.4.0
2025/04/06 (10:45:08) | WARNING: ROCm SMI: Failed to get maximum GPU temperature, defaulting to 110°C
2025/04/06 (10:45:08) | WARNING: ROCm SMI: Failed to get PCIe throughput

2025/04/06 (10:46:04) | ===> btop++ v.1.4.0
2025/04/06 (10:46:04) | WARNING: ROCm SMI: Failed to get maximum GPU temperature, defaulting to 110°C
2025/04/06 (10:46:04) | WARNING: ROCm SMI: Failed to get PCIe throughput

2025/04/06 (10:47:41) | ===> btop++ v.1.4.0
2025/04/06 (10:47:41) | WARNING: ROCm SMI: Failed to get maximum GPU temperature, defaulting to 110°C
2025/04/06 (10:47:41) | WARNING: ROCm SMI: Failed to get PCIe throughput

2025/04/06 (10:47:53) | ===> btop++ v.1.4.0
2025/04/06 (10:47:53) | WARNING: ROCm SMI: Failed to get maximum GPU temperature, defaulting to 110°C
2025/04/06 (10:47:53) | WARNING: ROCm SMI: Failed to get PCIe throughput

2025/04/06 (10:47:55) | ===> btop++ v.1.4.0
2025/04/06 (10:47:55) | WARNING: ROCm SMI: Failed to get maximum GPU temperature, defaulting to 110°C
2025/04/06 (10:47:55) | WARNING: ROCm SMI: Failed to get PCIe throughput

2025/04/06 (10:48:02) | ===> btop++ v.1.4.0
2025/04/06 (10:48:02) | WARNING: ROCm SMI: Failed to get maximum GPU temperature, defaulting to 110°C
2025/04/06 (10:48:02) | WARNING: ROCm SMI: Failed to get PCIe throughput

2025/04/06 (10:48:07) | ===> btop++ v.1.4.0
2025/04/06 (10:48:07) | WARNING: ROCm SMI: Failed to get maximum GPU temperature, defaulting to 110°C
2025/04/06 (10:48:07) | WARNING: ROCm SMI: Failed to get PCIe throughput

2025/04/06 (10:48:14) | ===> btop++ v.1.4.0
2025/04/06 (10:48:14) | WARNING: ROCm SMI: Failed to get maximum GPU temperature, defaulting to 110°C
2025/04/06 (10:48:14) | WARNING: ROCm SMI: Failed to get PCIe throughput

2025/04/06 (10:50:02) | ===> btop++ v.1.4.0
2025/04/06 (10:50:02) | WARNING: ROCm SMI: Failed to get maximum GPU temperature, defaulting to 110°C
2025/04/06 (10:50:02) | WARNING: ROCm SMI: Failed to get PCIe throughput

2025/04/06 (10:50:36) | ===> btop++ v.1.4.0
2025/04/06 (10:50:36) | WARNING: ROCm SMI: Failed to get maximum GPU temperature, defaulting to 110°C
2025/04/06 (10:50:36) | WARNING: ROCm SMI: Failed to get PCIe throughput

2025/04/06 (12:12:54) | ===> btop++ v.1.4.0
2025/04/06 (12:12:54) | WARNING: ROCm SMI: Failed to get maximum GPU temperature, defaulting to 110°C
2025/04/06 (12:12:54) | WARNING: ROCm SMI: Failed to get PCIe throughput

2025/04/06 (12:25:22) | ===> btop++ v.1.4.0
2025/04/06 (12:25:22) | WARNING: ROCm SMI: Failed to get maximum GPU temperature, defaulting to 110°C
2025/04/06 (12:25:22) | WARNING: ROCm SMI: Failed to get PCIe throughput

2025/04/06 (13:55:23) | ===> btop++ v.1.4.0
2025/04/06 (13:55:23) | WARNING: ROCm SMI: Failed to get maximum GPU temperature, defaulting to 110°C
2025/04/06 (13:55:23) | WARNING: ROCm SMI: Failed to get PCIe throughput

2025/04/08 (22:03:56) | ===> btop++ v.1.4.0
2025/04/08 (22:03:56) | WARNING: ROCm SMI: Failed to get maximum GPU temperature, defaulting to 110°C
2025/04/08 (22:03:56) | WARNING: ROCm SMI: Failed to get PCIe throughput

2025/04/08 (22:28:37) | ===> btop++ v.1.4.0
2025/04/08 (22:28:37) | WARNING: ROCm SMI: Failed to get maximum GPU temperature, defaulting to 110°C
2025/04/08 (22:28:37) | WARNING: ROCm SMI: Failed to get PCIe throughput
2025/04/08 (22:28:40) | WARNING: Failed to join _runner thread on exit!

2025/04/08 (23:28:38) | ===> btop++ v.1.4.0
2025/04/08 (23:28:38) | WARNING: ROCm SMI: Failed to get maximum GPU temperature, defaulting to 110°C
2025/04/08 (23:28:38) | WARNING: ROCm SMI: Failed to get PCIe throughput

2025/04/08 (23:35:35) | ===> btop++ v.1.4.0
2025/04/08 (23:35:35) | WARNING: ROCm SMI: Failed to get maximum GPU temperature, defaulting to 110°C
2025/04/08 (23:35:35) | WARNING: ROCm SMI: Failed to get PCIe throughput

2025/04/08 (23:38:01) | ===> btop++ v.1.4.0
2025/04/08 (23:38:01) | WARNING: ROCm SMI: Failed to get maximum GPU temperature, defaulting to 110°C
2025/04/08 (23:38:01) | WARNING: ROCm SMI: Failed to get PCIe throughput

2025/04/09 (02:05:30) | ===> btop++ v.1.4.0
2025/04/09 (02:05:30) | WARNING: ROCm SMI: Failed to get maximum GPU temperature, defaulting to 110°C
2025/04/09 (02:05:30) | WARNING: ROCm SMI: Failed to get PCIe throughput

2025/04/09 (02:09:43) | ===> btop++ v.1.4.0
2025/04/09 (02:09:43) | WARNING: ROCm SMI: Failed to get maximum GPU temperature, defaulting to 110°C
2025/04/09 (02:09:43) | WARNING: ROCm SMI: Failed to get PCIe throughput

2025/04/09 (03:41:11) | ===> btop++ v.1.4.0
2025/04/09 (03:41:11) | WARNING: ROCm SMI: Failed to get maximum GPU temperature, defaulting to 110°C
2025/04/09 (03:41:11) | WARNING: ROCm SMI: Failed to get PCIe throughput

2025/04/09 (04:05:26) | ===> btop++ v.1.4.0
2025/04/09 (04:05:26) | WARNING: ROCm SMI: Failed to get maximum GPU temperature, defaulting to 110°C
2025/04/09 (04:05:26) | WARNING: ROCm SMI: Failed to get PCIe throughput

2025/04/09 (04:18:23) | ===> btop++ v.1.4.0
2025/04/09 (04:18:23) | WARNING: ROCm SMI: Failed to get maximum GPU temperature, defaulting to 110°C
2025/04/09 (04:18:23) | WARNING: ROCm SMI: Failed to get PCIe throughput

2025/04/10 (02:16:39) | ===> btop++ v.1.4.0
2025/04/10 (02:16:39) | WARNING: ROCm SMI: Failed to get maximum GPU temperature, defaulting to 110°C
2025/04/10 (02:16:39) | WARNING: ROCm SMI: Failed to get PCIe throughput

2025/04/10 (02:16:58) | ===> btop++ v.1.4.0
2025/04/10 (02:16:58) | WARNING: ROCm SMI: Failed to get maximum GPU temperature, defaulting to 110°C
2025/04/10 (02:16:58) | WARNING: ROCm SMI: Failed to get PCIe throughput

2025/04/15 (22:33:18) | ===> btop++ v.1.4.0
2025/04/15 (22:33:18) | WARNING: ROCm SMI: Failed to get maximum GPU temperature, defaulting to 110°C
2025/04/15 (22:33:18) | WARNING: ROCm SMI: Failed to get PCIe throughput

2025/04/15 (22:35:13) | ===> btop++ v.1.4.0
2025/04/15 (22:35:13) | WARNING: ROCm SMI: Failed to get maximum GPU temperature, defaulting to 110°C
2025/04/15 (22:35:13) | WARNING: ROCm SMI: Failed to get PCIe throughput

2025/04/16 (00:08:25) | ===> btop++ v.1.4.0
2025/04/16 (00:08:25) | WARNING: ROCm SMI: Failed to get maximum GPU temperature, defaulting to 110°C
2025/04/16 (00:08:25) | WARNING: ROCm SMI: Failed to get PCIe throughput

2025/04/16 (03:34:46) | ===> btop++ v.1.4.0
2025/04/16 (03:34:46) | WARNING: ROCm SMI: Failed to get maximum GPU temperature, defaulting to 110°C
2025/04/16 (03:34:46) | WARNING: ROCm SMI: Failed to get PCIe throughput

2025/04/17 (18:02:41) | ===> btop++ v.1.4.0
2025/04/17 (18:02:41) | WARNING: ROCm SMI: Failed to get maximum GPU temperature, defaulting to 110°C
2025/04/17 (18:02:41) | WARNING: ROCm SMI: Failed to get PCIe throughput

2025/04/22 (20:16:00) | ===> btop++ v.1.4.0
2025/04/22 (20:16:00) | WARNING: ROCm SMI: Failed to get maximum GPU temperature, defaulting to 110°C
2025/04/22 (20:16:00) | WARNING: ROCm SMI: Failed to get PCIe throughput

2025/04/22 (21:09:50) | ===> btop++ v.1.4.0
2025/04/22 (21:09:50) | WARNING: ROCm SMI: Failed to get maximum GPU temperature, defaulting to 110°C
2025/04/22 (21:09:50) | WARNING: ROCm SMI: Failed to get PCIe throughput

2025/04/22 (21:12:26) | ===> btop++ v.1.4.0
2025/04/22 (21:12:26) | WARNING: ROCm SMI: Failed to get maximum GPU temperature, defaulting to 110°C
2025/04/22 (21:12:26) | WARNING: ROCm SMI: Failed to get PCIe throughput

2025/04/23 (04:05:57) | ===> btop++ v.1.4.0
2025/04/23 (04:05:57) | WARNING: ROCm SMI: Failed to get maximum GPU temperature, defaulting to 110°C
2025/04/23 (04:05:57) | WARNING: ROCm SMI: Failed to get PCIe throughput

2025/04/24 (16:54:21) | ===> btop++ v.1.4.0
2025/04/24 (16:54:21) | WARNING: ROCm SMI: Failed to get maximum GPU temperature, defaulting to 110°C
2025/04/24 (16:54:21) | WARNING: ROCm SMI: Failed to get PCIe throughput

2025/04/25 (03:10:53) | ===> btop++ v.1.4.0
2025/04/25 (03:10:53) | WARNING: ROCm SMI: Failed to get maximum GPU temperature, defaulting to 110°C
2025/04/25 (03:10:53) | WARNING: ROCm SMI: Failed to get PCIe throughput
2025/04/25 (03:42:57) | WARNING: Failed to join _runner thread on exit!
